[00:52:09] [ServerMain/INFO]: [bootstrap] Running Java 21 (OpenJDK 64-Bit Server VM 21.0.5+11-Ubuntu-1ubuntu120.04; Ubuntu null) on Linux 6.5.0-1025-azure (amd64)
[00:52:09] [ServerMain/INFO]: [bootstrap] Loading Paper 1.21-130-master@b1b5d4c (2024-08-10T10:02:42Z) for Minecraft 1.21
[00:52:09] [ServerMain/INFO]: [PluginInitializerManager] Initializing plugins...
[00:52:10] [ServerMain/INFO]: [PluginInitializerManager] Initialized 3 plugins
[00:52:10] [ServerMain/INFO]: [PluginInitializerManager] Bukkit plugins (3):
 - Geyser-Spigot (2.6.0-SNAPSHOT), ViaVersion (5.2.0), floodgate (2.2.3-SNAPSHOT (b114-83fbd6e))
[00:52:18] [ServerMain/INFO]: Environment: Environment[sessionHost=https://sessionserver.mojang.com, servicesHost=https://api.minecraftservices.com, name=PROD]
[00:52:21] [ServerMain/INFO]: Loaded 1290 recipes
[00:52:21] [ServerMain/INFO]: Loaded 1399 advancements
[00:52:22] [Server thread/INFO]: Starting minecraft server version 1.21
[00:52:22] [Server thread/INFO]: Loading properties
[00:52:22] [Server thread/INFO]: This server is running Paper version 1.21-130-master@b1b5d4c (2024-08-10T10:02:42Z) (Implementing API version 1.21-R0.1-SNAPSHOT)
[00:52:23] [Server thread/INFO]: [spark] This server bundles the spark profiler. For more information please visit https://docs.papermc.io/paper/profiling
[00:52:23] [Server thread/INFO]: Server Ping Player Sample Count: 12
[00:52:23] [Server thread/INFO]: Using 4 threads for Netty based IO
[00:52:24] [Server thread/INFO]: [ChunkTaskScheduler] Chunk system is using 1 I/O threads, 1 worker threads, and population gen parallelism of 1 threads
[00:52:25] [Server thread/INFO]: Default game type: SURVIVAL
[00:52:25] [Server thread/INFO]: Generating keypair
[00:52:25] [Server thread/INFO]: Starting Minecraft server on *:25565
[00:52:25] [Server thread/INFO]: Using epoll channel type
[00:52:25] [Server thread/INFO]: Paper: Using libdeflate (Linux x86_64) compression from Velocity.
[00:52:25] [Server thread/INFO]: Paper: Using OpenSSL 1.1.x (Linux x86_64) cipher from Velocity.
[00:52:28] [Server thread/INFO]: [floodgate] Loading server plugin floodgate v2.2.3-SNAPSHOT (b114-83fbd6e)
[00:52:31] [Server thread/WARN]: [floodgate] en_ is not a supported Floodgate language.
[00:52:32] [Server thread/INFO]: [floodgate] Took 3,298ms to boot Floodgate
[00:52:32] [Server thread/INFO]: [ViaVersion] Loading server plugin ViaVersion v5.2.0
[00:52:32] [Server thread/INFO]: [ViaVersion] ViaVersion 5.2.0 is now loaded. Registering protocol transformers and injecting...
[00:52:34] [Via-Mappingloader-0/INFO]: [ViaVersion] Loading block connection mappings ...
[00:52:34] [Via-Mappingloader-0/INFO]: [ViaVersion] Using FastUtil Long2ObjectOpenHashMap for block connections
[00:52:36] [Server thread/INFO]: [Geyser-Spigot] Loading server plugin Geyser-Spigot v2.6.0-SNAPSHOT
[00:52:38] [Server thread/INFO]: [Geyser-Spigot] Loading extensions...
[00:52:38] [Server thread/INFO]: [Geyser-Spigot] Loaded 0 extension(s)
[00:52:38] [Server thread/INFO]: Server permissions file permissions.yml is empty, ignoring it
[00:52:38] [Server thread/WARN]: **** SERVER IS RUNNING IN OFFLINE/INSECURE MODE!
[00:52:38] [Server thread/WARN]: The server will make no attempt to authenticate usernames. Beware.
[00:52:38] [Server thread/WARN]: While this makes the game possible to play without internet access, it also opens up the ability for hackers to connect with any username they choose.
[00:52:38] [Server thread/WARN]: To change this, set "online-mode" to "true" in the server.properties file.
[00:52:38] [Server thread/INFO]: Preparing level "world"
[00:52:40] [Server thread/INFO]: Preparing start region for dimension minecraft:overworld
[00:52:42] [Server thread/INFO]: Time elapsed: 2397 ms
[00:52:42] [Server thread/INFO]: Preparing start region for dimension minecraft:the_nether
[00:52:43] [Server thread/INFO]: Time elapsed: 737 ms
[00:52:43] [Server thread/INFO]: Preparing start region for dimension minecraft:the_end
[00:52:43] [Server thread/INFO]: Time elapsed: 205 ms
[00:52:43] [Server thread/INFO]: [floodgate] Enabling floodgate v2.2.3-SNAPSHOT (b114-83fbd6e)
[00:52:45] [Server thread/INFO]: [ViaVersion] Enabling ViaVersion v5.2.0
[00:52:45] [Server thread/INFO]: [ViaVersion] ViaVersion detected server version: 1.21-1.21.1 (767)
[00:52:45] [Server thread/INFO]: [Geyser-Spigot] Enabling Geyser-Spigot v2.6.0-SNAPSHOT
[00:52:46] [Server thread/INFO]: [spark] Starting background profiler...
[00:52:47] [Server thread/INFO]: [Geyser-Spigot] ******************************************
[00:52:47] [Server thread/INFO]: [Geyser-Spigot] 
[00:52:47] [Server thread/INFO]: [Geyser-Spigot] Loading Geyser version 2.6.0-b734 (git-master-64c7adc)
[00:52:47] [Server thread/INFO]: [Geyser-Spigot] 
[00:52:47] [Server thread/INFO]: [Geyser-Spigot] ******************************************
[00:53:00] [Server thread/INFO]: [Geyser-Spigot] Started Geyser on UDP port 4401
[00:53:01] [Server thread/INFO]: [Geyser-Spigot] Done (13.689s)! Run /geyser help for help!
[00:53:01] [Server thread/INFO]: Done preparing level "world" (22.782s)
[00:53:01] [Server thread/INFO]: Running delayed init tasks
[00:53:01] [Server thread/INFO]: Done (54.045s)! For help, type "help"
[00:53:01] [Server thread/INFO]: Timings Reset
[00:53:01] [Craft Scheduler Thread - 5 - ViaVersion/INFO]: [ViaVersion] Finished mapping loading, shutting down loader executor.
[00:53:05] [epollEventLoopGroup-4-1/INFO]: [Geyser-Spigot] Player connected with username Everzides
[00:53:05] [localSession-7-2/INFO]: [Geyser-Spigot] Everzides (logged in as: Everzides) has connected to the Java server
[00:53:05] [Server thread/INFO]: [floodgate] Floodgate player logged in as .Everzides joined (UUID: 00000000-0000-0000-0009-01fa60886b62)
[00:53:06] [Server thread/INFO]: .Everzides joined the game
[00:53:08] [Server thread/INFO]: .Everzides[/127.0.0.1:0] logged in with entity id 103 at ([world]-26.838694, 80.0, -0.8689822)
[00:53:10] [Server thread/WARN]: Can't keep up! Is the server overloaded? Running 3321ms or 66 ticks behind
[00:55:05] [User Authenticator #0/INFO]: UUID of player everzide is 0ecdcd29-3836-34ab-82dd-52570bc07243
[00:55:07] [Server thread/INFO]: everzide joined the game
[00:55:07] [Server thread/INFO]: everzide[/127.249.74.91:56727] logged in with entity id 545 at ([world]-29.5, 76.0, -7.5)
[00:56:01] [Server thread/INFO]: .Everzides was slain by everzide
[00:57:02] [localSession-7-2/INFO]: [Geyser-Spigot] Everzides has disconnected from the Java server because of Bedrock client disconnected
[00:57:02] [Geyser Spigot connection thread-6-3/INFO]: [floodgate] Floodgate player logged in as .Everzides disconnected
[00:57:02] [Server thread/INFO]: .Everzides lost connection: Disconnected
[00:57:02] [Server thread/INFO]: .Everzides left the game
[00:57:06] [Server thread/INFO]: everzide lost connection: Disconnected
[00:57:07] [Server thread/INFO]: everzide left the game
[00:58:07] [Server thread/INFO]: Stopping the server
[00:58:08] [Server thread/INFO]: Stopping server
[00:58:08] [Server thread/INFO]: [Geyser-Spigot] Disabling Geyser-Spigot v2.6.0-SNAPSHOT
[00:58:08] [Server thread/INFO]: [Geyser-Spigot] Shutting down Geyser.
[00:58:08] [Server thread/INFO]: [Geyser-Spigot] Geyser shutdown successfully.
[00:58:08] [Server thread/INFO]: [ViaVersion] Disabling ViaVersion v5.2.0
[00:58:08] [Server thread/INFO]: [ViaVersion] ViaVersion has been disabled; uninjected the platform and shut down the scheduler.
[00:58:08] [Server thread/INFO]: [floodgate] Disabling floodgate v2.2.3-SNAPSHOT (b114-83fbd6e)
[00:58:08] [Server thread/INFO]: Saving players
[00:58:08] [WebSocketConnectReadThread-82/INFO]: [Geyser-Spigot] The skin uploader has been closed
[00:58:08] [Server thread/INFO]: Saving worlds
[00:58:08] [Server thread/INFO]: Saving chunks for level 'ServerLevel[world]'/minecraft:overworld
[00:58:08] [Server thread/INFO]: [ChunkHolderManager] Waiting 60s for chunk system to halt for world 'world'
[00:58:08] [Server thread/INFO]: [ChunkHolderManager] Halted chunk system for world 'world'
[00:58:08] [Server thread/INFO]: [ChunkHolderManager] Saving all chunkholders for world 'world'
[00:58:11] [Server thread/INFO]: [ChunkHolderManager] Saved 792 block chunks, 675 entity chunks, 1 poi chunks in world 'world' in 3.07s
[00:58:11] [Server thread/INFO]: Saving chunks for level 'ServerLevel[world_nether]'/minecraft:the_nether
[00:58:11] [Server thread/INFO]: [ChunkHolderManager] Waiting 60s for chunk system to halt for world 'world_nether'
[00:58:11] [Server thread/INFO]: [ChunkHolderManager] Halted chunk system for world 'world_nether'
[00:58:11] [Server thread/INFO]: [ChunkHolderManager] Saving all chunkholders for world 'world_nether'
[00:58:11] [Server thread/INFO]: [ChunkHolderManager] Saved 0 block chunks, 2 entity chunks, 0 poi chunks in world 'world_nether' in 0.20s
[00:58:11] [Server thread/INFO]: Saving chunks for level 'ServerLevel[world_the_end]'/minecraft:the_end
[00:58:11] [Server thread/INFO]: [ChunkHolderManager] Waiting 60s for chunk system to halt for world 'world_the_end'
[00:58:11] [Server thread/INFO]: [ChunkHolderManager] Halted chunk system for world 'world_the_end'
[00:58:11] [Server thread/INFO]: [ChunkHolderManager] Saving all chunkholders for world 'world_the_end'
[00:58:11] [Server thread/INFO]: [ChunkHolderManager] Saved 0 block chunks, 10 entity chunks, 0 poi chunks in world 'world_the_end' in 0.03s
[00:58:11] [Server thread/INFO]: ThreadedAnvilChunkStorage (world): All chunks are saved
[00:58:11] [Server thread/INFO]: ThreadedAnvilChunkStorage (DIM-1): All chunks are saved
[00:58:11] [Server thread/INFO]: ThreadedAnvilChunkStorage (DIM1): All chunks are saved
[00:58:11] [Server thread/INFO]: ThreadedAnvilChunkStorage: All dimensions are saved
